10/1/13 12:47:51 AM - 1: org.apache.uima.adapter.jms.service.UIMA_Service.initialize(68): INFO: UIMA-AS version 2.4.0
10/1/13 12:47:52 AM - 1: org.apache.uima.aae.controller.BaseAnalysisEngineController.logPlatformInfo: INFO: 
+------------------------------------------------------------------
                   Starting UIMA AS Service - PID: 9392
+------------------------------------------------------------------
+ Service Name:hw2-skohli-aae
+ Service Queue Name:QAqueue
+ Service Start Time:01 Oct 2013 00:47:51 
+ UIMA AS Version:2.4.0
+ UIMA Core Version:2.4.0
+ OS Name:Linux
+ OS Version:3.8.0-30-generic
+ OS Architecture:amd64
+ OS CPU Count:8
+ JVM Vendor:Oracle Corporation
+ JVM Name:Java HotSpot(TM) 64-Bit Server VM
+ JVM Version:23.25-b01
+ JVM Input Args:[-Djava.util.logging.config.file=/home/richie/Desktop/MyShortCuts/SETUPS/apache-uima-as-2.4.0/config/Logger.properties, -Xmx800M, -Dfile.encoding=UTF-8]
+ JVM Classpath:/home/richie/git/hw3-skohli/hw3-skohli/target/classes:/home/richie/Desktop/MyShortCuts/SETUPS/apache-uima-as-2.4.0/lib/uima-core.jar:/home/richie/Desktop/MyShortCuts/SETUPS/apache-uima-as-2.4.0/lib/uimaj-as-core.jar:/home/richie/Desktop/MyShortCuts/SETUPS/apache-uima-as-2.4.0:/home/richie/Desktop/MyShortCuts/SETUPS/apache-uima-as-2.4.0/lib/jVinci.jar:/home/richie/Desktop/MyShortCuts/SETUPS/apache-uima-as-2.4.0/lib/uima-adapter-soap.jar:/home/richie/Desktop/MyShortCuts/SETUPS/apache-uima-as-2.4.0/lib/uima-adapter-vinci.jar:/home/richie/Desktop/MyShortCuts/SETUPS/apache-uima-as-2.4.0/lib/uima-cpe.jar:/home/richie/Desktop/MyShortCuts/SETUPS/apache-uima-as-2.4.0/lib/uima-document-annotation.jar:/home/richie/Desktop/MyShortCuts/SETUPS/apache-uima-as-2.4.0/lib/uima-examples.jar:/home/richie/Desktop/MyShortCuts/SETUPS/apache-uima-as-2.4.0/lib/uima-tools.jar:/home/richie/Desktop/MyShortCuts/SETUPS/apache-uima-as-2.4.0/lib/uimaj-as-activemq.jar:/home/richie/Desktop/MyShortCuts/SETUPS/apache-uima-as-2.4.0/lib/uimaj-as-camel.jar:/home/richie/Desktop/MyShortCuts/SETUPS/apache-uima-as-2.4.0/lib/uimaj-as-jms.jar:/home/richie/Desktop/MyShortCuts/SETUPS/apache-uima-as-2.4.0/lib/uimaj-bootstrap.jar:/home/richie/Desktop/MyShortCuts/SETUPS/apache-uima-as-2.4.0/apache-activemq-5.4.1/activemq-all-5.4.1.jar:/home/richie/Desktop/MyShortCuts/SETUPS/apache-uima-as-2.4.0/apache-activemq-5.4.1/lib/activemq-camel-5.4.1.jar:/home/richie/Desktop/MyShortCuts/SETUPS/apache-uima-as-2.4.0/apache-activemq-5.4.1/lib/activemq-console-5.4.1.jar:/home/richie/Desktop/MyShortCuts/SETUPS/apache-uima-as-2.4.0/apache-activemq-5.4.1/lib/activemq-core-5.4.1.jar:/home/richie/Desktop/MyShortCuts/SETUPS/apache-uima-as-2.4.0/apache-activemq-5.4.1/lib/activemq-spring-5.4.1.jar:/home/richie/Desktop/MyShortCuts/SETUPS/apache-uima-as-2.4.0/apache-activemq-5.4.1/lib/commons-logging-1.1.1.jar:/home/richie/Desktop/MyShortCuts/SETUPS/apache-uima-as-2.4.0/apache-activemq-5.4.1/lib/geronimo-j2ee-management_1.1_spec-1.0.1.jar:/home/richie/Desktop/MyShortCuts/SETUPS/apache-uima-as-2.4.0/apache-activemq-5.4.1/lib/geronimo-jms_1.1_spec-1.1.jar:/home/richie/Desktop/MyShortCuts/SETUPS/apache-uima-as-2.4.0/apache-activemq-5.4.1/lib/kahadb-5.4.1.jar:/home/richie/Desktop/MyShortCuts/SETUPS/apache-uima-as-2.4.0/apache-activemq-5.4.1/lib/spring-aop-3.0.3.RELEASE.jar:/home/richie/Desktop/MyShortCuts/SETUPS/apache-uima-as-2.4.0/apache-activemq-5.4.1/lib/spring-asm-3.0.3.RELEASE.jar:/home/richie/Desktop/MyShortCuts/SETUPS/apache-uima-as-2.4.0/apache-activemq-5.4.1/lib/spring-beans-3.0.3.RELEASE.jar:/home/richie/Desktop/MyShortCuts/SETUPS/apache-uima-as-2.4.0/apache-activemq-5.4.1/lib/spring-context-3.0.3.RELEASE.jar:/home/richie/Desktop/MyShortCuts/SETUPS/apache-uima-as-2.4.0/apache-activemq-5.4.1/lib/spring-core-3.0.3.RELEASE.jar:/home/richie/Desktop/MyShortCuts/SETUPS/apache-uima-as-2.4.0/apache-activemq-5.4.1/lib/spring-expression-3.0.3.RELEASE.jar:/home/richie/Desktop/MyShortCuts/SETUPS/apache-uima-as-2.4.0/apache-activemq-5.4.1/lib/spring-jms-3.0.3.RELEASE.jar:/home/richie/Desktop/MyShortCuts/SETUPS/apache-uima-as-2.4.0/apache-activemq-5.4.1/lib/spring-tx-3.0.3.RELEASE.jar:/home/richie/Desktop/MyShortCuts/SETUPS/apache-uima-as-2.4.0/apache-activemq-5.4.1/lib/xbean-spring-3.7.jar:/home/richie/Desktop/MyShortCuts/SETUPS/apache-uima-as-2.4.0/apache-activemq-5.4.1/lib/optional/commons-codec-1.2.jar:/home/richie/Desktop/MyShortCuts/SETUPS/apache-uima-as-2.4.0/apache-activemq-5.4.1/lib/optional/commons-httpclient-3.1.jar:/home/richie/Desktop/MyShortCuts/SETUPS/apache-uima-as-2.4.0/apache-activemq-5.4.1/lib/optional/geronimo-servlet_2.5_spec-1.2.jar:/home/richie/Desktop/MyShortCuts/SETUPS/apache-uima-as-2.4.0/apache-activemq-5.4.1/lib/optional/jetty-all-server-7.0.1.v20091125.jar:/home/richie/Desktop/MyShortCuts/SETUPS/apache-uima-as-2.4.0/apache-activemq-5.4.1/lib/optional/log4j-1.2.14.jar:/home/richie/Desktop/MyShortCuts/SETUPS/apache-uima-as-2.4.0/apache-activemq-5.4.1/lib/optional/xmlpull-1.1.3.4d_b4_min.jar:/home/richie/Desktop/MyShortCuts/SETUPS/apache-uima-as-2.4.0/apache-activemq-5.4.1/lib/optional/xstream-1.3.1.jar
+ JVM Loaded Jars:/home/richie/git/hw3-skohli/hw3-skohli/target/classes/:/home/richie/Desktop/MyShortCuts/SETUPS/apache-uima-as-2.4.0/lib/uima-core.jar:/home/richie/Desktop/MyShortCuts/SETUPS/apache-uima-as-2.4.0/lib/uimaj-as-core.jar:/home/richie/Desktop/MyShortCuts/SETUPS/apache-uima-as-2.4.0/:/home/richie/Desktop/MyShortCuts/SETUPS/apache-uima-as-2.4.0/lib/jVinci.jar:/home/richie/Desktop/MyShortCuts/SETUPS/apache-uima-as-2.4.0/lib/uima-adapter-soap.jar:/home/richie/Desktop/MyShortCuts/SETUPS/apache-uima-as-2.4.0/lib/uima-adapter-vinci.jar:/home/richie/Desktop/MyShortCuts/SETUPS/apache-uima-as-2.4.0/lib/uima-cpe.jar:/home/richie/Desktop/MyShortCuts/SETUPS/apache-uima-as-2.4.0/lib/uima-document-annotation.jar:/home/richie/Desktop/MyShortCuts/SETUPS/apache-uima-as-2.4.0/lib/uima-examples.jar:/home/richie/Desktop/MyShortCuts/SETUPS/apache-uima-as-2.4.0/lib/uima-tools.jar:/home/richie/Desktop/MyShortCuts/SETUPS/apache-uima-as-2.4.0/lib/uimaj-as-activemq.jar:/home/richie/Desktop/MyShortCuts/SETUPS/apache-uima-as-2.4.0/lib/uimaj-as-camel.jar:/home/richie/Desktop/MyShortCuts/SETUPS/apache-uima-as-2.4.0/lib/uimaj-as-jms.jar:/home/richie/Desktop/MyShortCuts/SETUPS/apache-uima-as-2.4.0/lib/uimaj-bootstrap.jar:/home/richie/Desktop/MyShortCuts/SETUPS/apache-uima-as-2.4.0/apache-activemq-5.4.1/activemq-all-5.4.1.jar:/home/richie/Desktop/MyShortCuts/SETUPS/apache-uima-as-2.4.0/apache-activemq-5.4.1/lib/activemq-camel-5.4.1.jar:/home/richie/Desktop/MyShortCuts/SETUPS/apache-uima-as-2.4.0/apache-activemq-5.4.1/lib/activemq-console-5.4.1.jar:/home/richie/Desktop/MyShortCuts/SETUPS/apache-uima-as-2.4.0/apache-activemq-5.4.1/lib/activemq-core-5.4.1.jar:/home/richie/Desktop/MyShortCuts/SETUPS/apache-uima-as-2.4.0/apache-activemq-5.4.1/lib/activemq-spring-5.4.1.jar:/home/richie/Desktop/MyShortCuts/SETUPS/apache-uima-as-2.4.0/apache-activemq-5.4.1/lib/commons-logging-1.1.1.jar:/home/richie/Desktop/MyShortCuts/SETUPS/apache-uima-as-2.4.0/apache-activemq-5.4.1/lib/geronimo-j2ee-management_1.1_spec-1.0.1.jar:/home/richie/Desktop/MyShortCuts/SETUPS/apache-uima-as-2.4.0/apache-activemq-5.4.1/lib/geronimo-jms_1.1_spec-1.1.jar:/home/richie/Desktop/MyShortCuts/SETUPS/apache-uima-as-2.4.0/apache-activemq-5.4.1/lib/kahadb-5.4.1.jar:/home/richie/Desktop/MyShortCuts/SETUPS/apache-uima-as-2.4.0/apache-activemq-5.4.1/lib/spring-aop-3.0.3.RELEASE.jar:/home/richie/Desktop/MyShortCuts/SETUPS/apache-uima-as-2.4.0/apache-activemq-5.4.1/lib/spring-asm-3.0.3.RELEASE.jar:/home/richie/Desktop/MyShortCuts/SETUPS/apache-uima-as-2.4.0/apache-activemq-5.4.1/lib/spring-beans-3.0.3.RELEASE.jar:/home/richie/Desktop/MyShortCuts/SETUPS/apache-uima-as-2.4.0/apache-activemq-5.4.1/lib/spring-context-3.0.3.RELEASE.jar:/home/richie/Desktop/MyShortCuts/SETUPS/apache-uima-as-2.4.0/apache-activemq-5.4.1/lib/spring-core-3.0.3.RELEASE.jar:/home/richie/Desktop/MyShortCuts/SETUPS/apache-uima-as-2.4.0/apache-activemq-5.4.1/lib/spring-expression-3.0.3.RELEASE.jar:/home/richie/Desktop/MyShortCuts/SETUPS/apache-uima-as-2.4.0/apache-activemq-5.4.1/lib/spring-jms-3.0.3.RELEASE.jar:/home/richie/Desktop/MyShortCuts/SETUPS/apache-uima-as-2.4.0/apache-activemq-5.4.1/lib/spring-tx-3.0.3.RELEASE.jar:/home/richie/Desktop/MyShortCuts/SETUPS/apache-uima-as-2.4.0/apache-activemq-5.4.1/lib/xbean-spring-3.7.jar:/home/richie/Desktop/MyShortCuts/SETUPS/apache-uima-as-2.4.0/apache-activemq-5.4.1/lib/optional/commons-codec-1.2.jar:/home/richie/Desktop/MyShortCuts/SETUPS/apache-uima-as-2.4.0/apache-activemq-5.4.1/lib/optional/commons-httpclient-3.1.jar:/home/richie/Desktop/MyShortCuts/SETUPS/apache-uima-as-2.4.0/apache-activemq-5.4.1/lib/optional/geronimo-servlet_2.5_spec-1.2.jar:/home/richie/Desktop/MyShortCuts/SETUPS/apache-uima-as-2.4.0/apache-activemq-5.4.1/lib/optional/jetty-all-server-7.0.1.v20091125.jar:/home/richie/Desktop/MyShortCuts/SETUPS/apache-uima-as-2.4.0/apache-activemq-5.4.1/lib/optional/log4j-1.2.14.jar:/home/richie/Desktop/MyShortCuts/SETUPS/apache-uima-as-2.4.0/apache-activemq-5.4.1/lib/optional/xmlpull-1.1.3.4d_b4_min.jar:/home/richie/Desktop/MyShortCuts/SETUPS/apache-uima-as-2.4.0/apache-activemq-5.4.1/lib/optional/xstream-1.3.1.jar:
+ JVM LIB_PATH:/home/richie/Desktop/MyShortCuts/SETUPS/apache-uima-as-2.4.0/uimacpp/lib:/home/richie/Desktop/MyShortCuts/SETUPS/apache-uima-as-2.4.0/uimacpp/examples/tutorial/src::/usr/java/packages/lib/amd64:/usr/lib64:/lib64:/lib:/usr/lib
+------------------------------------------------------------------ 
10/1/13 12:47:52 AM - 1: org.apache.uima.aae.controller.BaseAnalysisEngineController.C'tor: INFO: Top Level Service : hw2-skohli-aae Configured to Use Java VM Transport For Internal Messaging
10/1/13 12:47:52 AM - 1: org.apache.uima.adapter.jms.activemq.JmsInputChannel.setEndpointName: INFO: top_level_input_queue_service_1 Service Starting - Listening for Messages 
10/1/13 12:47:52 AM - 1: org.apache.uima.aae.controller.BaseAnalysisEngineController.BaseAnalysisEngineController: INFO: Starting Uima EE Service On inQ_AnswerScorer_1.1
10/1/13 12:47:52 AM - 1: org.apache.uima.aae.controller.BaseAnalysisEngineController.BaseAnalysisEngineController: INFO: Starting Uima EE Service On inQ_NGramAnnotator_1.2
10/1/13 12:47:52 AM - 1: org.apache.uima.aae.controller.BaseAnalysisEngineController.BaseAnalysisEngineController: INFO: Starting Uima EE Service On inQ_TestElementAnnotator_1.3
10/1/13 12:47:52 AM - 1: org.apache.uima.aae.controller.BaseAnalysisEngineController.BaseAnalysisEngineController: INFO: Starting Uima EE Service On inQ_TokenAnnotator_1.4
10/1/13 12:47:52 AM - 1: org.apache.uima.aae.controller.BaseAnalysisEngineController.BaseAnalysisEngineController: INFO: Starting Uima EE Service On inQ_Evaluator_1.5
10/1/13 12:47:52 AM - 1: org.apache.uima.aae.controller.BaseAnalysisEngineController.initializeVMTransport: INFO: Controller: AnswerScorer Starting Request Listener With 1 Concurrent Consumers. Reply Listener Configured With 1 Concurrent Consumer(s)
10/1/13 12:47:52 AM - 12: org.apache.uima.aae.UimaAsThreadFactory$1.UimaAsThreadFactory.run(): INFO: Controller: AnswerScorer Initializing AE instance on Thread Id: 12
10/1/13 12:47:52 AM - 1: org.apache.uima.aae.controller.BaseAnalysisEngineController.initializeVMTransport: INFO: Controller: NGramAnnotator Starting Request Listener With 1 Concurrent Consumers. Reply Listener Configured With 1 Concurrent Consumer(s)
10/1/13 12:47:52 AM - 14: org.apache.uima.aae.UimaAsThreadFactory$1.UimaAsThreadFactory.run(): INFO: Controller: NGramAnnotator Initializing AE instance on Thread Id: 14
10/1/13 12:47:52 AM - 1: org.apache.uima.aae.controller.BaseAnalysisEngineController.initializeVMTransport: INFO: Controller: TestElementAnnotator Starting Request Listener With 1 Concurrent Consumers. Reply Listener Configured With 1 Concurrent Consumer(s)
10/1/13 12:47:52 AM - 16: org.apache.uima.aae.UimaAsThreadFactory$1.UimaAsThreadFactory.run(): INFO: Controller: TestElementAnnotator Initializing AE instance on Thread Id: 16
10/1/13 12:47:52 AM - 1: org.apache.uima.aae.controller.BaseAnalysisEngineController.initializeVMTransport: INFO: Controller: TokenAnnotator Starting Request Listener With 1 Concurrent Consumers. Reply Listener Configured With 1 Concurrent Consumer(s)
10/1/13 12:47:52 AM - 18: org.apache.uima.aae.UimaAsThreadFactory$1.UimaAsThreadFactory.run(): INFO: Controller: TokenAnnotator Initializing AE instance on Thread Id: 18
10/1/13 12:47:52 AM - 1: org.apache.uima.aae.controller.BaseAnalysisEngineController.initializeVMTransport: INFO: Controller: Evaluator Starting Request Listener With 1 Concurrent Consumers. Reply Listener Configured With 1 Concurrent Consumer(s)
10/1/13 12:47:52 AM - 20: org.apache.uima.aae.UimaAsThreadFactory$1.UimaAsThreadFactory.run(): INFO: Controller: Evaluator Initializing AE instance on Thread Id: 20
10/1/13 12:47:52 AM - 12: org.apache.uima.aae.controller.PrimitiveAnalysisEngineController_impl.postInitialize: INFO: ********* Initialized the Controller. AnswerScorer Ready To Process. ********
10/1/13 12:47:52 AM - 14: org.apache.uima.aae.controller.PrimitiveAnalysisEngineController_impl.postInitialize: INFO: ********* Initialized the Controller. NGramAnnotator Ready To Process. ********
10/1/13 12:47:52 AM - 16: org.apache.uima.aae.controller.PrimitiveAnalysisEngineController_impl.postInitialize: INFO: ********* Initialized the Controller. TestElementAnnotator Ready To Process. ********
10/1/13 12:47:52 AM - 18: org.apache.uima.aae.controller.PrimitiveAnalysisEngineController_impl.postInitialize: INFO: ********* Initialized the Controller. TokenAnnotator Ready To Process. ********
10/1/13 12:47:52 AM - 20: org.apache.uima.aae.controller.PrimitiveAnalysisEngineController_impl.postInitialize: INFO: ********* Initialized the Controller. Evaluator Ready To Process. ********
10/1/13 12:47:52 AM - 1: org.apache.uima.adapter.jms.activemq.SpringContainerDeployer.waitForServiceNotification: INFO: Uima EE Client Blocking - Awaiting Top Level Controller Initialization Notification
10/1/13 12:47:52 AM - 15: org.apache.uima.aae.controller.AggregateAnalysisEngineController_impl.completeInitialization: INFO: ********* Initialized the Controller. hw2-skohli-aae Ready To Process. ********
10/1/13 12:47:52 AM - 1: org.apache.uima.adapter.jms.activemq.SpringContainerDeployer.doStartListeners: INFO: Controller: hw2-skohli-aae Starting Listener on Endpoint: queue://QAqueue Selector: Command=2000 OR Command=2002 Broker: tcp://richie-Satellite-S55-A:61616
10/1/13 12:47:52 AM - 1: org.apache.uima.adapter.jms.activemq.SpringContainerDeployer.doStartListeners: INFO: Controller: hw2-skohli-aae Starting Listener on Endpoint: queue://QAqueue Selector: Command=2001 Broker: tcp://richie-Satellite-S55-A:61616
10/1/13 12:48:12 AM - 13: org.apache.uima.aae.controller.AggregateAnalysisEngineController_impl.logStats: INFO: Controller: [hw2-skohli-aae] Delegate <<hw2-skohli-aae>> Stats: 
	 Total Number CASes Processed: 2 
	 Total CAS Deserialization Time: 19.01 ms
	 Total CAS Serialization Time: 44.804 ms 
	 Total Time Spent In Analysis: 177.712 ms 
	 Max Serialization Time: 25.901 ms 
	 Max Deserialization Time: 16.207 ms 
	 Max Analysis Time: 67.88 ms 
	 Total Idle Time: 19,879.254 ms
10/1/13 1:11:33 AM - 29: org.apache.uima.adapter.jms.service.UIMA_Service.run: WARNING: Uima AS Service hw2-skohli-aae Caught Kill Signal - Initiating Quiesce and Stop
